[0m23:48:20.605191 [debug] [MainThread]: Sending event: {'category': 'dbt', 'action': 'invocation', 'label': 'start', 'context': [<snowplow_tracker.self_describing_json.SelfDescribingJson object at 0x7f3d11f5f400>, <snowplow_tracker.self_describing_json.SelfDescribingJson object at 0x7f3d0ff37790>, <snowplow_tracker.self_describing_json.SelfDescribingJson object at 0x7f3d0ff377f0>]}


============================== 23:48:20.608441 | 14536de6-100c-41dc-8c40-ecec320db16f ==============================
[0m23:48:20.608441 [info ] [MainThread]: Running with dbt=1.6.9
[0m23:48:20.609378 [debug] [MainThread]: running dbt with arguments {'printer_width': '80', 'indirect_selection': 'eager', 'log_cache_events': 'False', 'write_json': 'True', 'partial_parse': 'True', 'cache_selected_only': 'False', 'warn_error': 'None', 'version_check': 'True', 'fail_fast': 'False', 'log_path': 'logs', 'debug': 'False', 'profiles_dir': '/home/nina/.dbt', 'use_colors': 'True', 'use_experimental_parser': 'False', 'no_print': 'None', 'quiet': 'False', 'warn_error_options': 'WarnErrorOptions(include=[], exclude=[])', 'introspect': 'True', 'log_format': 'default', 'static_parser': 'True', 'target_path': 'None', 'invocation_command': 'dbt init de_test', 'send_anonymous_usage_stats': 'True'}
[0m23:48:20.610438 [warn ] [MainThread]: [ConfigFolderDirectory]: Unable to parse dict {'dir': PosixPath('/home/nina/.dbt')}
[0m23:48:20.612105 [info ] [MainThread]: Creating dbt configuration folder at 
[0m23:48:20.613370 [debug] [MainThread]: Starter project path: /home/nina/DE_test/.de_env/lib/python3.8/site-packages/dbt/include/starter_project
[0m23:48:20.616258 [info ] [MainThread]: 
Your new dbt project "de_test" was created!

For more information on how to configure the profiles.yml file,
please consult the dbt documentation here:

  https://docs.getdbt.com/docs/configure-your-profile

One more thing:

Need help? Don't hesitate to reach out to us via GitHub issues or on Slack:

  https://community.getdbt.com/

Happy modeling!

[0m23:48:20.616981 [info ] [MainThread]: Setting up your profile.
[0m23:48:28.482077 [info ] [MainThread]: No sample profile found for clickhouse.
[0m23:48:28.483190 [debug] [MainThread]: Command `dbt init` succeeded at 23:48:28.483025 after 7.89 seconds
[0m23:48:28.483777 [debug] [MainThread]: Sending event: {'category': 'dbt', 'action': 'invocation', 'label': 'end', 'context': [<snowplow_tracker.self_describing_json.SelfDescribingJson object at 0x7f3d11f5f400>, <snowplow_tracker.self_describing_json.SelfDescribingJson object at 0x7f3d1406b580>, <snowplow_tracker.self_describing_json.SelfDescribingJson object at 0x7f3d1406b0d0>]}
[0m23:48:28.484375 [debug] [MainThread]: Flushing usage events
[0m21:40:27.831187 [debug] [MainThread]: Sending event: {'category': 'dbt', 'action': 'invocation', 'label': 'start', 'context': [<snowplow_tracker.self_describing_json.SelfDescribingJson object at 0x7f25a7280970>, <snowplow_tracker.self_describing_json.SelfDescribingJson object at 0x7f25a5051490>, <snowplow_tracker.self_describing_json.SelfDescribingJson object at 0x7f25a5051550>]}


============================== 21:40:27.837756 | ef204c53-aef9-489d-b91d-76385441d3f8 ==============================
[0m21:40:27.837756 [info ] [MainThread]: Running with dbt=1.7.3
[0m21:40:27.839601 [debug] [MainThread]: running dbt with arguments {'printer_width': '80', 'indirect_selection': 'eager', 'log_cache_events': 'False', 'write_json': 'True', 'partial_parse': 'True', 'cache_selected_only': 'False', 'profiles_dir': '/home/nina/.dbt', 'fail_fast': 'False', 'debug': 'False', 'log_path': 'logs', 'version_check': 'True', 'warn_error': 'None', 'use_colors': 'True', 'use_experimental_parser': 'False', 'no_print': 'None', 'quiet': 'False', 'log_format': 'default', 'static_parser': 'True', 'introspect': 'True', 'invocation_command': 'dbt init de_test', 'target_path': 'None', 'warn_error_options': 'WarnErrorOptions(include=[], exclude=[])', 'send_anonymous_usage_stats': 'True'}
[0m21:40:27.841914 [info ] [MainThread]: A project called de_test already exists here.
[0m21:40:27.844946 [debug] [MainThread]: Resource report: {"command_name": "init", "command_success": true, "command_wall_clock_time": 0.042952497, "process_user_time": 4.047144, "process_kernel_time": 0.176311, "process_mem_max_rss": "90788", "process_in_blocks": "568", "process_out_blocks": "16"}
[0m21:40:27.846930 [debug] [MainThread]: Command `dbt init` succeeded at 21:40:27.846473 after 0.05 seconds
[0m21:40:27.848218 [debug] [MainThread]: Sending event: {'category': 'dbt', 'action': 'invocation', 'label': 'end', 'context': [<snowplow_tracker.self_describing_json.SelfDescribingJson object at 0x7f25a7280970>, <snowplow_tracker.self_describing_json.SelfDescribingJson object at 0x7f25a930c7f0>, <snowplow_tracker.self_describing_json.SelfDescribingJson object at 0x7f25a5051a60>]}
[0m21:40:27.849462 [debug] [MainThread]: Flushing usage events
[0m21:23:33.010257 [debug] [MainThread]: Sending event: {'category': 'dbt', 'action': 'invocation', 'label': 'start', 'context': [<snowplow_tracker.self_describing_json.SelfDescribingJson object at 0x7f926327c3a0>, <snowplow_tracker.self_describing_json.SelfDescribingJson object at 0x7f92610e6d60>, <snowplow_tracker.self_describing_json.SelfDescribingJson object at 0x7f92610e6eb0>]}


============================== 21:23:33.015917 | a921206c-15c2-49d0-afb7-c4e051c53bff ==============================
[0m21:23:33.015917 [info ] [MainThread]: Running with dbt=1.7.3
[0m21:23:33.017485 [debug] [MainThread]: running dbt with arguments {'printer_width': '80', 'indirect_selection': 'eager', 'log_cache_events': 'False', 'write_json': 'True', 'partial_parse': 'True', 'cache_selected_only': 'False', 'warn_error': 'None', 'version_check': 'True', 'profiles_dir': '/home/nina/.dbt', 'log_path': 'logs', 'fail_fast': 'False', 'debug': 'False', 'use_colors': 'True', 'use_experimental_parser': 'False', 'no_print': 'None', 'quiet': 'False', 'warn_error_options': 'WarnErrorOptions(include=[], exclude=[])', 'introspect': 'True', 'invocation_command': 'dbt debug', 'static_parser': 'True', 'target_path': 'None', 'log_format': 'default', 'send_anonymous_usage_stats': 'True'}
[0m21:23:33.018970 [info ] [MainThread]: dbt version: 1.7.3
[0m21:23:33.019789 [info ] [MainThread]: python version: 3.8.10
[0m21:23:33.020803 [info ] [MainThread]: python path: /home/nina/DE_test/.venv/bin/python
[0m21:23:33.021426 [info ] [MainThread]: os info: Linux-5.15.0-91-generic-x86_64-with-glibc2.29
[0m21:23:33.022094 [info ] [MainThread]: Using profiles dir at /home/nina/.dbt
[0m21:23:33.022693 [info ] [MainThread]: Using profiles.yml file at /home/nina/.dbt/profiles.yml
[0m21:23:33.023366 [info ] [MainThread]: Using dbt_project.yml file at /home/nina/DE_test/dbt_project.yml
[0m21:23:33.024773 [info ] [MainThread]: Configuration:
[0m21:23:33.025804 [info ] [MainThread]:   profiles.yml file [[31mERROR not found[0m]
[0m21:23:33.026786 [info ] [MainThread]:   dbt_project.yml file [[31mERROR not found[0m]
[0m21:23:33.027796 [info ] [MainThread]: Required dependencies:
[0m21:23:33.028786 [debug] [MainThread]: Executing "git --help"
[0m21:23:33.036904 [debug] [MainThread]: STDOUT: "b"usage: git [--version] [--help] [-C <path>] [-c <name>=<value>]\n           [--exec-path[=<path>]] [--html-path] [--man-path] [--info-path]\n           [-p | --paginate | -P | --no-pager] [--no-replace-objects] [--bare]\n           [--git-dir=<path>] [--work-tree=<path>] [--namespace=<name>]\n           <command> [<args>]\n\nThese are common Git commands used in various situations:\n\nstart a working area (see also: git help tutorial)\n   clone             Clone a repository into a new directory\n   init              Create an empty Git repository or reinitialize an existing one\n\nwork on the current change (see also: git help everyday)\n   add               Add file contents to the index\n   mv                Move or rename a file, a directory, or a symlink\n   restore           Restore working tree files\n   rm                Remove files from the working tree and from the index\n   sparse-checkout   Initialize and modify the sparse-checkout\n\nexamine the history and state (see also: git help revisions)\n   bisect            Use binary search to find the commit that introduced a bug\n   diff              Show changes between commits, commit and working tree, etc\n   grep              Print lines matching a pattern\n   log               Show commit logs\n   show              Show various types of objects\n   status            Show the working tree status\n\ngrow, mark and tweak your common history\n   branch            List, create, or delete branches\n   commit            Record changes to the repository\n   merge             Join two or more development histories together\n   rebase            Reapply commits on top of another base tip\n   reset             Reset current HEAD to the specified state\n   switch            Switch branches\n   tag               Create, list, delete or verify a tag object signed with GPG\n\ncollaborate (see also: git help workflows)\n   fetch             Download objects and refs from another repository\n   pull              Fetch from and integrate with another repository or a local branch\n   push              Update remote refs along with associated objects\n\n'git help -a' and 'git help -g' list available subcommands and some\nconcept guides. See 'git help <command>' or 'git help <concept>'\nto read about a specific subcommand or concept.\nSee 'git help git' for an overview of the system.\n""
[0m21:23:33.038783 [debug] [MainThread]: STDERR: "b''"
[0m21:23:33.040011 [info ] [MainThread]:  - git [[32mOK found[0m]

[0m21:23:33.041938 [info ] [MainThread]: Connection test skipped since no profile was found
[0m21:23:33.043325 [info ] [MainThread]: [31m2 checks failed:[0m
[0m21:23:33.044554 [info ] [MainThread]: dbt looked for a profiles.yml file in /home/nina/.dbt/profiles.yml, but did
not find one. For more information on configuring your profile, consult the
documentation:

https://docs.getdbt.com/docs/configure-your-profile


[0m21:23:33.045680 [info ] [MainThread]: Project loading failed for the following reason:
 project path </home/nina/DE_test/dbt_project.yml> not found

[0m21:23:33.048035 [debug] [MainThread]: Resource report: {"command_name": "debug", "command_wall_clock_time": 0.06139073, "process_user_time": 4.145829, "process_kernel_time": 0.131676, "process_mem_max_rss": "90856", "process_in_blocks": "424", "process_out_blocks": "16", "command_success": false}
[0m21:23:33.049759 [debug] [MainThread]: Command `dbt debug` failed at 21:23:33.049333 after 0.06 seconds
[0m21:23:33.051076 [debug] [MainThread]: Sending event: {'category': 'dbt', 'action': 'invocation', 'label': 'end', 'context': [<snowplow_tracker.self_describing_json.SelfDescribingJson object at 0x7f926327c3a0>, <snowplow_tracker.self_describing_json.SelfDescribingJson object at 0x7f926536d280>, <snowplow_tracker.self_describing_json.SelfDescribingJson object at 0x7f92610e6d60>]}
[0m21:23:33.052403 [debug] [MainThread]: Flushing usage events
[0m21:24:13.527114 [debug] [MainThread]: Sending event: {'category': 'dbt', 'action': 'invocation', 'label': 'start', 'context': [<snowplow_tracker.self_describing_json.SelfDescribingJson object at 0x7f2526491970>, <snowplow_tracker.self_describing_json.SelfDescribingJson object at 0x7f2524306910>, <snowplow_tracker.self_describing_json.SelfDescribingJson object at 0x7f25243067f0>]}


============================== 21:24:13.530614 | 25372094-7961-4938-bd4c-885d133608f1 ==============================
[0m21:24:13.530614 [info ] [MainThread]: Running with dbt=1.7.3
[0m21:24:13.531582 [debug] [MainThread]: running dbt with arguments {'printer_width': '80', 'indirect_selection': 'eager', 'log_cache_events': 'False', 'write_json': 'True', 'partial_parse': 'True', 'cache_selected_only': 'False', 'profiles_dir': '/home/nina/.dbt', 'debug': 'False', 'fail_fast': 'False', 'log_path': '/home/nina/DE_test/logs', 'warn_error': 'None', 'version_check': 'True', 'use_colors': 'True', 'use_experimental_parser': 'False', 'no_print': 'None', 'quiet': 'False', 'log_format': 'default', 'invocation_command': 'dbt debug', 'static_parser': 'True', 'introspect': 'True', 'target_path': 'None', 'warn_error_options': 'WarnErrorOptions(include=[], exclude=[])', 'send_anonymous_usage_stats': 'True'}
[0m21:24:13.532800 [info ] [MainThread]: dbt version: 1.7.3
[0m21:24:13.533833 [info ] [MainThread]: python version: 3.8.10
[0m21:24:13.534855 [info ] [MainThread]: python path: /home/nina/DE_test/.venv/bin/python
[0m21:24:13.535966 [info ] [MainThread]: os info: Linux-5.15.0-91-generic-x86_64-with-glibc2.29
[0m21:24:13.537143 [info ] [MainThread]: Using profiles dir at /home/nina/.dbt
[0m21:24:13.538205 [info ] [MainThread]: Using profiles.yml file at /home/nina/.dbt/profiles.yml
[0m21:24:13.539289 [info ] [MainThread]: Using dbt_project.yml file at /home/nina/DE_test/dbt_project.yml
[0m21:24:13.728706 [info ] [MainThread]: Configuration:
[0m21:24:13.729938 [info ] [MainThread]:   profiles.yml file [[31mERROR not found[0m]
[0m21:24:13.731069 [info ] [MainThread]:   dbt_project.yml file [[32mOK found and valid[0m]
[0m21:24:13.732172 [info ] [MainThread]: Required dependencies:
[0m21:24:13.733197 [debug] [MainThread]: Executing "git --help"
[0m21:24:13.746598 [debug] [MainThread]: STDOUT: "b"usage: git [--version] [--help] [-C <path>] [-c <name>=<value>]\n           [--exec-path[=<path>]] [--html-path] [--man-path] [--info-path]\n           [-p | --paginate | -P | --no-pager] [--no-replace-objects] [--bare]\n           [--git-dir=<path>] [--work-tree=<path>] [--namespace=<name>]\n           <command> [<args>]\n\nThese are common Git commands used in various situations:\n\nstart a working area (see also: git help tutorial)\n   clone             Clone a repository into a new directory\n   init              Create an empty Git repository or reinitialize an existing one\n\nwork on the current change (see also: git help everyday)\n   add               Add file contents to the index\n   mv                Move or rename a file, a directory, or a symlink\n   restore           Restore working tree files\n   rm                Remove files from the working tree and from the index\n   sparse-checkout   Initialize and modify the sparse-checkout\n\nexamine the history and state (see also: git help revisions)\n   bisect            Use binary search to find the commit that introduced a bug\n   diff              Show changes between commits, commit and working tree, etc\n   grep              Print lines matching a pattern\n   log               Show commit logs\n   show              Show various types of objects\n   status            Show the working tree status\n\ngrow, mark and tweak your common history\n   branch            List, create, or delete branches\n   commit            Record changes to the repository\n   merge             Join two or more development histories together\n   rebase            Reapply commits on top of another base tip\n   reset             Reset current HEAD to the specified state\n   switch            Switch branches\n   tag               Create, list, delete or verify a tag object signed with GPG\n\ncollaborate (see also: git help workflows)\n   fetch             Download objects and refs from another repository\n   pull              Fetch from and integrate with another repository or a local branch\n   push              Update remote refs along with associated objects\n\n'git help -a' and 'git help -g' list available subcommands and some\nconcept guides. See 'git help <command>' or 'git help <concept>'\nto read about a specific subcommand or concept.\nSee 'git help git' for an overview of the system.\n""
[0m21:24:13.748616 [debug] [MainThread]: STDERR: "b''"
[0m21:24:13.749773 [info ] [MainThread]:  - git [[32mOK found[0m]

[0m21:24:13.750864 [info ] [MainThread]: Connection test skipped since no profile was found
[0m21:24:13.752064 [info ] [MainThread]: [31m1 check failed:[0m
[0m21:24:13.753259 [info ] [MainThread]: dbt looked for a profiles.yml file in /home/nina/.dbt/profiles.yml, but did
not find one. For more information on configuring your profile, consult the
documentation:

https://docs.getdbt.com/docs/configure-your-profile


[0m21:24:13.755952 [debug] [MainThread]: Resource report: {"command_name": "debug", "command_wall_clock_time": 0.24724376, "process_user_time": 4.298484, "process_kernel_time": 0.115851, "process_mem_max_rss": "92372", "process_out_blocks": "24", "command_success": false, "process_in_blocks": "0"}
[0m21:24:13.757780 [debug] [MainThread]: Command `dbt debug` failed at 21:24:13.757330 after 0.25 seconds
[0m21:24:13.759207 [debug] [MainThread]: Sending event: {'category': 'dbt', 'action': 'invocation', 'label': 'end', 'context': [<snowplow_tracker.self_describing_json.SelfDescribingJson object at 0x7f2526491970>, <snowplow_tracker.self_describing_json.SelfDescribingJson object at 0x7f2524222dc0>, <snowplow_tracker.self_describing_json.SelfDescribingJson object at 0x7f2524288bb0>]}
[0m21:24:13.760710 [debug] [MainThread]: Flushing usage events
[0m21:25:14.877319 [debug] [MainThread]: Sending event: {'category': 'dbt', 'action': 'invocation', 'label': 'start', 'context': [<snowplow_tracker.self_describing_json.SelfDescribingJson object at 0x7f98d8c6a970>, <snowplow_tracker.self_describing_json.SelfDescribingJson object at 0x7f98d6a9b4c0>, <snowplow_tracker.self_describing_json.SelfDescribingJson object at 0x7f98d6a9b7c0>]}


============================== 21:25:14.882913 | 52722a11-0f48-472e-b480-1b0b464ff5da ==============================
[0m21:25:14.882913 [info ] [MainThread]: Running with dbt=1.7.3
[0m21:25:14.884421 [debug] [MainThread]: running dbt with arguments {'printer_width': '80', 'indirect_selection': 'eager', 'write_json': 'True', 'log_cache_events': 'False', 'partial_parse': 'True', 'cache_selected_only': 'False', 'warn_error': 'None', 'version_check': 'True', 'profiles_dir': '/home/nina/DE_test', 'log_path': '/home/nina/DE_test/logs', 'fail_fast': 'False', 'debug': 'False', 'use_colors': 'True', 'use_experimental_parser': 'False', 'no_print': 'None', 'quiet': 'False', 'warn_error_options': 'WarnErrorOptions(include=[], exclude=[])', 'static_parser': 'True', 'introspect': 'True', 'log_format': 'default', 'target_path': 'None', 'invocation_command': 'dbt debug', 'send_anonymous_usage_stats': 'True'}
[0m21:25:14.885770 [info ] [MainThread]: dbt version: 1.7.3
[0m21:25:14.886858 [info ] [MainThread]: python version: 3.8.10
[0m21:25:14.887984 [info ] [MainThread]: python path: /home/nina/DE_test/.venv/bin/python
[0m21:25:14.889052 [info ] [MainThread]: os info: Linux-5.15.0-91-generic-x86_64-with-glibc2.29
[0m21:25:15.102151 [info ] [MainThread]: Using profiles dir at /home/nina/DE_test
[0m21:25:15.103321 [info ] [MainThread]: Using profiles.yml file at /home/nina/DE_test/profiles.yml
[0m21:25:15.104418 [info ] [MainThread]: Using dbt_project.yml file at /home/nina/DE_test/dbt_project.yml
[0m21:25:15.105813 [info ] [MainThread]: adapter type: clickhouse
[0m21:25:15.106958 [info ] [MainThread]: adapter version: 1.7.0
[0m21:25:15.250241 [info ] [MainThread]: Configuration:
[0m21:25:15.251136 [info ] [MainThread]:   profiles.yml file [[32mOK found and valid[0m]
[0m21:25:15.251860 [info ] [MainThread]:   dbt_project.yml file [[32mOK found and valid[0m]
[0m21:25:15.252578 [info ] [MainThread]: Required dependencies:
[0m21:25:15.253352 [debug] [MainThread]: Executing "git --help"
[0m21:25:15.260656 [debug] [MainThread]: STDOUT: "b"usage: git [--version] [--help] [-C <path>] [-c <name>=<value>]\n           [--exec-path[=<path>]] [--html-path] [--man-path] [--info-path]\n           [-p | --paginate | -P | --no-pager] [--no-replace-objects] [--bare]\n           [--git-dir=<path>] [--work-tree=<path>] [--namespace=<name>]\n           <command> [<args>]\n\nThese are common Git commands used in various situations:\n\nstart a working area (see also: git help tutorial)\n   clone             Clone a repository into a new directory\n   init              Create an empty Git repository or reinitialize an existing one\n\nwork on the current change (see also: git help everyday)\n   add               Add file contents to the index\n   mv                Move or rename a file, a directory, or a symlink\n   restore           Restore working tree files\n   rm                Remove files from the working tree and from the index\n   sparse-checkout   Initialize and modify the sparse-checkout\n\nexamine the history and state (see also: git help revisions)\n   bisect            Use binary search to find the commit that introduced a bug\n   diff              Show changes between commits, commit and working tree, etc\n   grep              Print lines matching a pattern\n   log               Show commit logs\n   show              Show various types of objects\n   status            Show the working tree status\n\ngrow, mark and tweak your common history\n   branch            List, create, or delete branches\n   commit            Record changes to the repository\n   merge             Join two or more development histories together\n   rebase            Reapply commits on top of another base tip\n   reset             Reset current HEAD to the specified state\n   switch            Switch branches\n   tag               Create, list, delete or verify a tag object signed with GPG\n\ncollaborate (see also: git help workflows)\n   fetch             Download objects and refs from another repository\n   pull              Fetch from and integrate with another repository or a local branch\n   push              Update remote refs along with associated objects\n\n'git help -a' and 'git help -g' list available subcommands and some\nconcept guides. See 'git help <command>' or 'git help <concept>'\nto read about a specific subcommand or concept.\nSee 'git help git' for an overview of the system.\n""
[0m21:25:15.262184 [debug] [MainThread]: STDERR: "b''"
[0m21:25:15.263063 [info ] [MainThread]:  - git [[32mOK found[0m]

[0m21:25:15.263958 [info ] [MainThread]: Connection:
[0m21:25:15.265058 [info ] [MainThread]:   driver: None
[0m21:25:15.265738 [info ] [MainThread]:   host: localhost
[0m21:25:15.266376 [info ] [MainThread]:   port: 8123
[0m21:25:15.267226 [info ] [MainThread]:   user: de
[0m21:25:15.268298 [info ] [MainThread]:   schema: dedb
[0m21:25:15.269344 [info ] [MainThread]:   retries: 1
[0m21:25:15.270409 [info ] [MainThread]:   database_engine: None
[0m21:25:15.271488 [info ] [MainThread]:   cluster_mode: False
[0m21:25:15.272520 [info ] [MainThread]:   secure: False
[0m21:25:15.273606 [info ] [MainThread]:   verify: True
[0m21:25:15.274676 [info ] [MainThread]:   connect_timeout: 10
[0m21:25:15.275655 [info ] [MainThread]:   send_receive_timeout: 300
[0m21:25:15.276435 [info ] [MainThread]:   sync_request_timeout: 5
[0m21:25:15.277218 [info ] [MainThread]:   compress_block_size: 1048576
[0m21:25:15.278077 [info ] [MainThread]:   compression: 
[0m21:25:15.278985 [info ] [MainThread]:   check_exchange: True
[0m21:25:15.279743 [info ] [MainThread]:   custom_settings: None
[0m21:25:15.280484 [info ] [MainThread]:   use_lw_deletes: False
[0m21:25:15.281355 [info ] [MainThread]:   allow_automatic_deduplication: False
[0m21:25:15.282501 [info ] [MainThread]: Registered adapter: clickhouse=1.7.0
[0m21:25:15.284320 [debug] [MainThread]: Acquiring new clickhouse connection 'debug'
[0m21:25:15.285522 [debug] [MainThread]: Opening a new connection, currently in state init
[0m21:25:15.453008 [debug] [MainThread]: dbt_clickhouse adapter: On debug: select 1 as id...
[0m21:25:15.458687 [debug] [MainThread]: dbt_clickhouse adapter: SQL status: OK in 0.00 seconds
[0m21:25:15.461610 [info ] [MainThread]:   Connection test: [[32mOK connection ok[0m]

[0m21:25:15.462978 [info ] [MainThread]: [32mAll checks passed![0m
[0m21:25:15.465191 [debug] [MainThread]: Resource report: {"command_name": "debug", "command_success": true, "command_wall_clock_time": 0.6974151, "process_user_time": 4.629195, "process_kernel_time": 0.123924, "process_mem_max_rss": "96832", "process_out_blocks": "24", "process_in_blocks": "0"}
[0m21:25:15.467328 [debug] [MainThread]: Command `dbt debug` succeeded at 21:25:15.466744 after 0.70 seconds
[0m21:25:15.468821 [debug] [MainThread]: Connection 'debug' was left open.
[0m21:25:15.470487 [debug] [MainThread]: On debug: Close
[0m21:25:15.472224 [debug] [MainThread]: Sending event: {'category': 'dbt', 'action': 'invocation', 'label': 'end', 'context': [<snowplow_tracker.self_describing_json.SelfDescribingJson object at 0x7f98d8c6a970>, <snowplow_tracker.self_describing_json.SelfDescribingJson object at 0x7f98d6879430>, <snowplow_tracker.self_describing_json.SelfDescribingJson object at 0x7f98d6879220>]}
[0m21:25:15.473934 [debug] [MainThread]: Flushing usage events
[0m21:29:06.975470 [debug] [MainThread]: Sending event: {'category': 'dbt', 'action': 'invocation', 'label': 'start', 'context': [<snowplow_tracker.self_describing_json.SelfDescribingJson object at 0x7f9a0d69e790>, <snowplow_tracker.self_describing_json.SelfDescribingJson object at 0x7f9a0b4abe80>, <snowplow_tracker.self_describing_json.SelfDescribingJson object at 0x7f9a0b4ab730>]}


============================== 21:29:06.980742 | 35a2c7a6-dff0-45a1-a3b2-52c2e5c22bf4 ==============================
[0m21:29:06.980742 [info ] [MainThread]: Running with dbt=1.7.3
[0m21:29:06.982232 [debug] [MainThread]: running dbt with arguments {'printer_width': '80', 'indirect_selection': 'eager', 'write_json': 'True', 'log_cache_events': 'False', 'partial_parse': 'True', 'cache_selected_only': 'False', 'profiles_dir': '/home/nina/DE_test', 'version_check': 'True', 'warn_error': 'None', 'log_path': '/home/nina/DE_test/logs', 'fail_fast': 'False', 'debug': 'False', 'use_colors': 'True', 'use_experimental_parser': 'False', 'no_print': 'None', 'quiet': 'False', 'log_format': 'default', 'invocation_command': 'dbt debug', 'static_parser': 'True', 'introspect': 'True', 'target_path': 'None', 'warn_error_options': 'WarnErrorOptions(include=[], exclude=[])', 'send_anonymous_usage_stats': 'True'}
[0m21:29:06.983462 [info ] [MainThread]: dbt version: 1.7.3
[0m21:29:06.984470 [info ] [MainThread]: python version: 3.8.10
[0m21:29:06.985457 [info ] [MainThread]: python path: /home/nina/DE_test/.venv/bin/python
[0m21:29:06.986458 [info ] [MainThread]: os info: Linux-5.15.0-91-generic-x86_64-with-glibc2.29
[0m21:29:07.188303 [info ] [MainThread]: Using profiles dir at /home/nina/DE_test
[0m21:29:07.189449 [info ] [MainThread]: Using profiles.yml file at /home/nina/DE_test/profiles.yml
[0m21:29:07.190476 [info ] [MainThread]: Using dbt_project.yml file at /home/nina/DE_test/dbt_project.yml
[0m21:29:07.191793 [info ] [MainThread]: adapter type: clickhouse
[0m21:29:07.192801 [info ] [MainThread]: adapter version: 1.7.0
[0m21:29:07.355936 [info ] [MainThread]: Configuration:
[0m21:29:07.357152 [info ] [MainThread]:   profiles.yml file [[32mOK found and valid[0m]
[0m21:29:07.358264 [info ] [MainThread]:   dbt_project.yml file [[32mOK found and valid[0m]
[0m21:29:07.359384 [info ] [MainThread]: Required dependencies:
[0m21:29:07.360498 [debug] [MainThread]: Executing "git --help"
[0m21:29:07.370229 [debug] [MainThread]: STDOUT: "b"usage: git [--version] [--help] [-C <path>] [-c <name>=<value>]\n           [--exec-path[=<path>]] [--html-path] [--man-path] [--info-path]\n           [-p | --paginate | -P | --no-pager] [--no-replace-objects] [--bare]\n           [--git-dir=<path>] [--work-tree=<path>] [--namespace=<name>]\n           <command> [<args>]\n\nThese are common Git commands used in various situations:\n\nstart a working area (see also: git help tutorial)\n   clone             Clone a repository into a new directory\n   init              Create an empty Git repository or reinitialize an existing one\n\nwork on the current change (see also: git help everyday)\n   add               Add file contents to the index\n   mv                Move or rename a file, a directory, or a symlink\n   restore           Restore working tree files\n   rm                Remove files from the working tree and from the index\n   sparse-checkout   Initialize and modify the sparse-checkout\n\nexamine the history and state (see also: git help revisions)\n   bisect            Use binary search to find the commit that introduced a bug\n   diff              Show changes between commits, commit and working tree, etc\n   grep              Print lines matching a pattern\n   log               Show commit logs\n   show              Show various types of objects\n   status            Show the working tree status\n\ngrow, mark and tweak your common history\n   branch            List, create, or delete branches\n   commit            Record changes to the repository\n   merge             Join two or more development histories together\n   rebase            Reapply commits on top of another base tip\n   reset             Reset current HEAD to the specified state\n   switch            Switch branches\n   tag               Create, list, delete or verify a tag object signed with GPG\n\ncollaborate (see also: git help workflows)\n   fetch             Download objects and refs from another repository\n   pull              Fetch from and integrate with another repository or a local branch\n   push              Update remote refs along with associated objects\n\n'git help -a' and 'git help -g' list available subcommands and some\nconcept guides. See 'git help <command>' or 'git help <concept>'\nto read about a specific subcommand or concept.\nSee 'git help git' for an overview of the system.\n""
[0m21:29:07.372155 [debug] [MainThread]: STDERR: "b''"
[0m21:29:07.373368 [info ] [MainThread]:  - git [[32mOK found[0m]

[0m21:29:07.374601 [info ] [MainThread]: Connection:
[0m21:29:07.375805 [info ] [MainThread]:   driver: None
[0m21:29:07.376872 [info ] [MainThread]:   host: localhost
[0m21:29:07.378036 [info ] [MainThread]:   port: 8123
[0m21:29:07.378667 [info ] [MainThread]:   user: de
[0m21:29:07.379489 [info ] [MainThread]:   schema: dedb
[0m21:29:07.380564 [info ] [MainThread]:   retries: 1
[0m21:29:07.381735 [info ] [MainThread]:   database_engine: None
[0m21:29:07.382880 [info ] [MainThread]:   cluster_mode: False
[0m21:29:07.383983 [info ] [MainThread]:   secure: False
[0m21:29:07.385002 [info ] [MainThread]:   verify: True
[0m21:29:07.386054 [info ] [MainThread]:   connect_timeout: 10
[0m21:29:07.387135 [info ] [MainThread]:   send_receive_timeout: 300
[0m21:29:07.388167 [info ] [MainThread]:   sync_request_timeout: 5
[0m21:29:07.389121 [info ] [MainThread]:   compress_block_size: 1048576
[0m21:29:07.390234 [info ] [MainThread]:   compression: 
[0m21:29:07.391339 [info ] [MainThread]:   check_exchange: True
[0m21:29:07.392355 [info ] [MainThread]:   custom_settings: None
[0m21:29:07.393347 [info ] [MainThread]:   use_lw_deletes: False
[0m21:29:07.394426 [info ] [MainThread]:   allow_automatic_deduplication: False
[0m21:29:07.395978 [info ] [MainThread]: Registered adapter: clickhouse=1.7.0
[0m21:29:07.397817 [debug] [MainThread]: Acquiring new clickhouse connection 'debug'
[0m21:29:07.398944 [debug] [MainThread]: Opening a new connection, currently in state init
[0m21:29:07.479326 [debug] [MainThread]: dbt_clickhouse adapter: On debug: select 1 as id...
[0m21:29:07.484236 [debug] [MainThread]: dbt_clickhouse adapter: SQL status: OK in 0.00 seconds
[0m21:29:07.486875 [info ] [MainThread]:   Connection test: [[32mOK connection ok[0m]

[0m21:29:07.487926 [info ] [MainThread]: [32mAll checks passed![0m
[0m21:29:07.490075 [debug] [MainThread]: Resource report: {"command_name": "debug", "command_success": true, "command_wall_clock_time": 0.6226755, "process_user_time": 4.546028, "process_kernel_time": 0.139939, "process_mem_max_rss": "96760", "process_out_blocks": "16", "process_in_blocks": "0"}
[0m21:29:07.491820 [debug] [MainThread]: Command `dbt debug` succeeded at 21:29:07.491382 after 0.62 seconds
[0m21:29:07.492953 [debug] [MainThread]: Connection 'debug' was left open.
[0m21:29:07.494006 [debug] [MainThread]: On debug: Close
[0m21:29:07.495218 [debug] [MainThread]: Sending event: {'category': 'dbt', 'action': 'invocation', 'label': 'end', 'context': [<snowplow_tracker.self_describing_json.SelfDescribingJson object at 0x7f9a0d69e790>, <snowplow_tracker.self_describing_json.SelfDescribingJson object at 0x7f9a0b2a2c70>, <snowplow_tracker.self_describing_json.SelfDescribingJson object at 0x7f9a0f84aac0>]}
[0m21:29:07.496504 [debug] [MainThread]: Flushing usage events
[0m21:29:25.447105 [debug] [MainThread]: Sending event: {'category': 'dbt', 'action': 'invocation', 'label': 'start', 'context': [<snowplow_tracker.self_describing_json.SelfDescribingJson object at 0x7fee3e092c40>, <snowplow_tracker.self_describing_json.SelfDescribingJson object at 0x7fee3be9ce80>, <snowplow_tracker.self_describing_json.SelfDescribingJson object at 0x7fee3be9c730>]}


============================== 21:29:25.451070 | e46817a2-c3c1-4eda-b7ad-eea74630050c ==============================
[0m21:29:25.451070 [info ] [MainThread]: Running with dbt=1.7.3
[0m21:29:25.452116 [debug] [MainThread]: running dbt with arguments {'printer_width': '80', 'indirect_selection': 'eager', 'log_cache_events': 'False', 'write_json': 'True', 'partial_parse': 'True', 'cache_selected_only': 'False', 'profiles_dir': '/home/nina/DE_test', 'fail_fast': 'False', 'debug': 'False', 'log_path': '/home/nina/DE_test/logs', 'version_check': 'True', 'warn_error': 'None', 'use_colors': 'True', 'use_experimental_parser': 'False', 'no_print': 'None', 'quiet': 'False', 'log_format': 'default', 'introspect': 'True', 'static_parser': 'True', 'warn_error_options': 'WarnErrorOptions(include=[], exclude=[])', 'target_path': 'None', 'invocation_command': 'dbt init', 'send_anonymous_usage_stats': 'True'}
[0m21:29:25.455356 [info ] [MainThread]: Setting up your profile.
[0m21:29:43.001618 [debug] [MainThread]: Resource report: {"command_name": "init", "command_success": true, "command_wall_clock_time": 17.659386, "process_user_time": 4.142733, "process_kernel_time": 0.140092, "process_mem_max_rss": "91684", "process_in_blocks": "0", "process_out_blocks": "0"}
[0m21:29:43.003230 [debug] [MainThread]: Command `dbt init` succeeded at 21:29:43.002777 after 17.66 seconds
[0m21:29:43.005019 [debug] [MainThread]: Sending event: {'category': 'dbt', 'action': 'invocation', 'label': 'end', 'context': [<snowplow_tracker.self_describing_json.SelfDescribingJson object at 0x7fee3e092c40>, <snowplow_tracker.self_describing_json.SelfDescribingJson object at 0x7fee3bee61c0>, <snowplow_tracker.self_describing_json.SelfDescribingJson object at 0x7fee3be9c460>]}
[0m21:29:43.006261 [debug] [MainThread]: Flushing usage events
[0m21:31:44.770696 [debug] [MainThread]: Sending event: {'category': 'dbt', 'action': 'invocation', 'label': 'start', 'context': [<snowplow_tracker.self_describing_json.SelfDescribingJson object at 0x7f7c2fe8cc40>, <snowplow_tracker.self_describing_json.SelfDescribingJson object at 0x7f7c2dcb6e80>, <snowplow_tracker.self_describing_json.SelfDescribingJson object at 0x7f7c2dcb6730>]}


============================== 21:31:44.776134 | 55306376-5ba3-4659-88e5-3443e67a1267 ==============================
[0m21:31:44.776134 [info ] [MainThread]: Running with dbt=1.7.3
[0m21:31:44.777594 [debug] [MainThread]: running dbt with arguments {'printer_width': '80', 'indirect_selection': 'eager', 'log_cache_events': 'False', 'write_json': 'True', 'partial_parse': 'True', 'cache_selected_only': 'False', 'profiles_dir': '/home/nina/DE_test', 'fail_fast': 'False', 'debug': 'False', 'log_path': '/home/nina/DE_test/logs', 'warn_error': 'None', 'version_check': 'True', 'use_colors': 'True', 'use_experimental_parser': 'False', 'no_print': 'None', 'quiet': 'False', 'warn_error_options': 'WarnErrorOptions(include=[], exclude=[])', 'invocation_command': 'dbt debug', 'introspect': 'True', 'log_format': 'default', 'target_path': 'None', 'static_parser': 'True', 'send_anonymous_usage_stats': 'True'}
[0m21:31:44.778888 [info ] [MainThread]: dbt version: 1.7.3
[0m21:31:44.779973 [info ] [MainThread]: python version: 3.8.10
[0m21:31:44.780858 [info ] [MainThread]: python path: /home/nina/DE_test/.venv/bin/python
[0m21:31:44.781830 [info ] [MainThread]: os info: Linux-5.15.0-91-generic-x86_64-with-glibc2.29
[0m21:31:44.981232 [info ] [MainThread]: Using profiles dir at /home/nina/DE_test
[0m21:31:44.982490 [info ] [MainThread]: Using profiles.yml file at /home/nina/DE_test/profiles.yml
[0m21:31:44.983619 [info ] [MainThread]: Using dbt_project.yml file at /home/nina/DE_test/dbt_project.yml
[0m21:31:44.984923 [info ] [MainThread]: adapter type: clickhouse
[0m21:31:44.986021 [info ] [MainThread]: adapter version: 1.7.0
[0m21:31:45.154046 [info ] [MainThread]: Configuration:
[0m21:31:45.155231 [info ] [MainThread]:   profiles.yml file [[32mOK found and valid[0m]
[0m21:31:45.156295 [info ] [MainThread]:   dbt_project.yml file [[32mOK found and valid[0m]
[0m21:31:45.157327 [info ] [MainThread]: Required dependencies:
[0m21:31:45.158367 [debug] [MainThread]: Executing "git --help"
[0m21:31:45.168303 [debug] [MainThread]: STDOUT: "b"usage: git [--version] [--help] [-C <path>] [-c <name>=<value>]\n           [--exec-path[=<path>]] [--html-path] [--man-path] [--info-path]\n           [-p | --paginate | -P | --no-pager] [--no-replace-objects] [--bare]\n           [--git-dir=<path>] [--work-tree=<path>] [--namespace=<name>]\n           <command> [<args>]\n\nThese are common Git commands used in various situations:\n\nstart a working area (see also: git help tutorial)\n   clone             Clone a repository into a new directory\n   init              Create an empty Git repository or reinitialize an existing one\n\nwork on the current change (see also: git help everyday)\n   add               Add file contents to the index\n   mv                Move or rename a file, a directory, or a symlink\n   restore           Restore working tree files\n   rm                Remove files from the working tree and from the index\n   sparse-checkout   Initialize and modify the sparse-checkout\n\nexamine the history and state (see also: git help revisions)\n   bisect            Use binary search to find the commit that introduced a bug\n   diff              Show changes between commits, commit and working tree, etc\n   grep              Print lines matching a pattern\n   log               Show commit logs\n   show              Show various types of objects\n   status            Show the working tree status\n\ngrow, mark and tweak your common history\n   branch            List, create, or delete branches\n   commit            Record changes to the repository\n   merge             Join two or more development histories together\n   rebase            Reapply commits on top of another base tip\n   reset             Reset current HEAD to the specified state\n   switch            Switch branches\n   tag               Create, list, delete or verify a tag object signed with GPG\n\ncollaborate (see also: git help workflows)\n   fetch             Download objects and refs from another repository\n   pull              Fetch from and integrate with another repository or a local branch\n   push              Update remote refs along with associated objects\n\n'git help -a' and 'git help -g' list available subcommands and some\nconcept guides. See 'git help <command>' or 'git help <concept>'\nto read about a specific subcommand or concept.\nSee 'git help git' for an overview of the system.\n""
[0m21:31:45.170344 [debug] [MainThread]: STDERR: "b''"
[0m21:31:45.171539 [info ] [MainThread]:  - git [[32mOK found[0m]

[0m21:31:45.172647 [info ] [MainThread]: Connection:
[0m21:31:45.173866 [info ] [MainThread]:   driver: None
[0m21:31:45.174876 [info ] [MainThread]:   host: localhost
[0m21:31:45.175974 [info ] [MainThread]:   port: 8123
[0m21:31:45.176982 [info ] [MainThread]:   user: de
[0m21:31:45.177971 [info ] [MainThread]:   schema: dedb
[0m21:31:45.178977 [info ] [MainThread]:   retries: 1
[0m21:31:45.180068 [info ] [MainThread]:   database_engine: None
[0m21:31:45.181151 [info ] [MainThread]:   cluster_mode: False
[0m21:31:45.183602 [info ] [MainThread]:   secure: False
[0m21:31:45.184797 [info ] [MainThread]:   verify: True
[0m21:31:45.185945 [info ] [MainThread]:   connect_timeout: 10
[0m21:31:45.187035 [info ] [MainThread]:   send_receive_timeout: 300
[0m21:31:45.188097 [info ] [MainThread]:   sync_request_timeout: 5
[0m21:31:45.189095 [info ] [MainThread]:   compress_block_size: 1048576
[0m21:31:45.190117 [info ] [MainThread]:   compression: 
[0m21:31:45.191132 [info ] [MainThread]:   check_exchange: True
[0m21:31:45.192174 [info ] [MainThread]:   custom_settings: None
[0m21:31:45.193189 [info ] [MainThread]:   use_lw_deletes: False
[0m21:31:45.194186 [info ] [MainThread]:   allow_automatic_deduplication: False
[0m21:31:45.195589 [info ] [MainThread]: Registered adapter: clickhouse=1.7.0
[0m21:31:45.197480 [debug] [MainThread]: Acquiring new clickhouse connection 'debug'
[0m21:31:45.198607 [debug] [MainThread]: Opening a new connection, currently in state init
[0m21:31:45.277450 [debug] [MainThread]: dbt_clickhouse adapter: On debug: select 1 as id...
[0m21:31:45.282422 [debug] [MainThread]: dbt_clickhouse adapter: SQL status: OK in 0.00 seconds
[0m21:31:45.285159 [info ] [MainThread]:   Connection test: [[32mOK connection ok[0m]

[0m21:31:45.286238 [info ] [MainThread]: [32mAll checks passed![0m
[0m21:31:45.288262 [debug] [MainThread]: Resource report: {"command_name": "debug", "command_success": true, "command_wall_clock_time": 0.622966, "process_user_time": 4.530544, "process_kernel_time": 0.143953, "process_mem_max_rss": "96548", "process_out_blocks": "24", "process_in_blocks": "0"}
[0m21:31:45.289961 [debug] [MainThread]: Command `dbt debug` succeeded at 21:31:45.289554 after 0.62 seconds
[0m21:31:45.291101 [debug] [MainThread]: Connection 'debug' was left open.
[0m21:31:45.292094 [debug] [MainThread]: On debug: Close
[0m21:31:45.293228 [debug] [MainThread]: Sending event: {'category': 'dbt', 'action': 'invocation', 'label': 'end', 'context': [<snowplow_tracker.self_describing_json.SelfDescribingJson object at 0x7f7c2fe8cc40>, <snowplow_tracker.self_describing_json.SelfDescribingJson object at 0x7f7c2dc56ee0>, <snowplow_tracker.self_describing_json.SelfDescribingJson object at 0x7f7c2dba0640>]}
[0m21:31:45.294371 [debug] [MainThread]: Flushing usage events
[0m21:48:38.908188 [debug] [MainThread]: Sending event: {'category': 'dbt', 'action': 'invocation', 'label': 'start', 'context': [<snowplow_tracker.self_describing_json.SelfDescribingJson object at 0x7fb0ea685c40>, <snowplow_tracker.self_describing_json.SelfDescribingJson object at 0x7fb0e84b3f40>, <snowplow_tracker.self_describing_json.SelfDescribingJson object at 0x7fb0e84b38b0>]}


============================== 21:48:38.913795 | 08bdb674-f1d0-436d-b27d-c828cb6b6b56 ==============================
[0m21:48:38.913795 [info ] [MainThread]: Running with dbt=1.7.3
[0m21:48:38.915203 [debug] [MainThread]: running dbt with arguments {'printer_width': '80', 'indirect_selection': 'eager', 'log_cache_events': 'False', 'write_json': 'True', 'partial_parse': 'True', 'cache_selected_only': 'False', 'warn_error': 'None', 'version_check': 'True', 'profiles_dir': '/home/nina/DE_test', 'log_path': '/home/nina/DE_test/logs', 'debug': 'False', 'fail_fast': 'False', 'use_colors': 'True', 'use_experimental_parser': 'False', 'no_print': 'None', 'quiet': 'False', 'log_format': 'default', 'introspect': 'True', 'static_parser': 'True', 'warn_error_options': 'WarnErrorOptions(include=[], exclude=[])', 'target_path': 'None', 'invocation_command': 'dbt run', 'send_anonymous_usage_stats': 'True'}
[0m21:48:39.273319 [debug] [MainThread]: Sending event: {'category': 'dbt', 'action': 'project_id', 'label': '08bdb674-f1d0-436d-b27d-c828cb6b6b56', 'context': [<snowplow_tracker.self_describing_json.SelfDescribingJson object at 0x7fb0e84b3280>]}
[0m21:48:39.465403 [debug] [MainThread]: Sending event: {'category': 'dbt', 'action': 'adapter_info', 'label': '08bdb674-f1d0-436d-b27d-c828cb6b6b56', 'context': [<snowplow_tracker.self_describing_json.SelfDescribingJson object at 0x7fb0e83c0490>]}
[0m21:48:39.467045 [info ] [MainThread]: Registered adapter: clickhouse=1.7.0
[0m21:48:39.488347 [debug] [MainThread]: checksum: c95636796e12235e48c0560a0bb6a50e98827ef72e7ea1fe07a97c38c91661e1, vars: {}, profile: , target: , version: 1.7.3
[0m21:48:39.489798 [info ] [MainThread]: Unable to do partial parsing because saved manifest not found. Starting full parse.
[0m21:48:39.490897 [debug] [MainThread]: Sending event: {'category': 'dbt', 'action': 'partial_parser', 'label': '08bdb674-f1d0-436d-b27d-c828cb6b6b56', 'context': [<snowplow_tracker.self_describing_json.SelfDescribingJson object at 0x7fb0e81febe0>]}
[0m21:48:41.754895 [warn ] [MainThread]: [[33mWARNING[0m]: Configuration paths exist in your dbt_project.yml file which do not apply to any resources.
There are 1 unused configuration paths:
- models.de_test.task1
[0m21:48:41.762224 [debug] [MainThread]: Sending event: {'category': 'dbt', 'action': 'load_project', 'label': '08bdb674-f1d0-436d-b27d-c828cb6b6b56', 'context': [<snowplow_tracker.self_describing_json.SelfDescribingJson object at 0x7fb0e806a5b0>]}
[0m21:48:41.774105 [debug] [MainThread]: Sending event: {'category': 'dbt', 'action': 'resource_counts', 'label': '08bdb674-f1d0-436d-b27d-c828cb6b6b56', 'context': [<snowplow_tracker.self_describing_json.SelfDescribingJson object at 0x7fb0e806a7f0>]}
[0m21:48:41.775237 [info ] [MainThread]: Found 0 sources, 0 exposures, 0 metrics, 421 macros, 0 groups, 0 semantic models
[0m21:48:41.776095 [debug] [MainThread]: Sending event: {'category': 'dbt', 'action': 'runnable_timing', 'label': '08bdb674-f1d0-436d-b27d-c828cb6b6b56', 'context': [<snowplow_tracker.self_describing_json.SelfDescribingJson object at 0x7fb0e8223970>]}
[0m21:48:41.778069 [info ] [MainThread]: 
[0m21:48:41.779410 [warn ] [MainThread]: Nothing to do. Try checking your model configs and model specification args
[0m21:48:41.780822 [debug] [MainThread]: Command end result
[0m21:48:41.796795 [debug] [MainThread]: Resource report: {"command_name": "run", "command_success": true, "command_wall_clock_time": 3.0005715, "process_user_time": 6.910359, "process_kernel_time": 0.100034, "process_mem_max_rss": "100624", "process_out_blocks": "2560", "process_in_blocks": "0"}
[0m21:48:41.798328 [debug] [MainThread]: Command `dbt run` succeeded at 21:48:41.797947 after 3.00 seconds
[0m21:48:41.799831 [debug] [MainThread]: Sending event: {'category': 'dbt', 'action': 'invocation', 'label': 'end', 'context': [<snowplow_tracker.self_describing_json.SelfDescribingJson object at 0x7fb0ea685c40>, <snowplow_tracker.self_describing_json.SelfDescribingJson object at 0x7fb0e8082bb0>, <snowplow_tracker.self_describing_json.SelfDescribingJson object at 0x7fb0e80e1ac0>]}
[0m21:48:41.801139 [debug] [MainThread]: Flushing usage events
[0m21:50:17.354394 [debug] [MainThread]: Sending event: {'category': 'dbt', 'action': 'invocation', 'label': 'start', 'context': [<snowplow_tracker.self_describing_json.SelfDescribingJson object at 0x7fdad658e0a0>, <snowplow_tracker.self_describing_json.SelfDescribingJson object at 0x7fdad43c6ee0>, <snowplow_tracker.self_describing_json.SelfDescribingJson object at 0x7fdad43c6850>]}


============================== 21:50:17.359386 | db02e43c-2693-408a-ae7f-75739932d95b ==============================
[0m21:50:17.359386 [info ] [MainThread]: Running with dbt=1.7.3
[0m21:50:17.360760 [debug] [MainThread]: running dbt with arguments {'printer_width': '80', 'indirect_selection': 'eager', 'log_cache_events': 'False', 'write_json': 'True', 'partial_parse': 'True', 'cache_selected_only': 'False', 'warn_error': 'None', 'debug': 'False', 'profiles_dir': '/home/nina/DE_test', 'log_path': '/home/nina/DE_test/logs', 'fail_fast': 'False', 'version_check': 'True', 'use_colors': 'True', 'use_experimental_parser': 'False', 'no_print': 'None', 'quiet': 'False', 'warn_error_options': 'WarnErrorOptions(include=[], exclude=[])', 'introspect': 'True', 'invocation_command': 'dbt run', 'log_format': 'default', 'target_path': 'None', 'static_parser': 'True', 'send_anonymous_usage_stats': 'True'}
[0m21:50:17.721867 [debug] [MainThread]: Sending event: {'category': 'dbt', 'action': 'project_id', 'label': 'db02e43c-2693-408a-ae7f-75739932d95b', 'context': [<snowplow_tracker.self_describing_json.SelfDescribingJson object at 0x7fdad43c62b0>]}
[0m21:50:17.915245 [debug] [MainThread]: Sending event: {'category': 'dbt', 'action': 'adapter_info', 'label': 'db02e43c-2693-408a-ae7f-75739932d95b', 'context': [<snowplow_tracker.self_describing_json.SelfDescribingJson object at 0x7fdad875aac0>]}
[0m21:50:17.916921 [info ] [MainThread]: Registered adapter: clickhouse=1.7.0
[0m21:50:17.936509 [debug] [MainThread]: checksum: c95636796e12235e48c0560a0bb6a50e98827ef72e7ea1fe07a97c38c91661e1, vars: {}, profile: , target: , version: 1.7.3
[0m21:50:17.990786 [debug] [MainThread]: Partial parsing enabled: 0 files deleted, 0 files added, 0 files changed.
[0m21:50:17.991835 [debug] [MainThread]: Partial parsing enabled, no changes found, skipping parsing
[0m21:50:17.992877 [warn ] [MainThread]: [[33mWARNING[0m]: Configuration paths exist in your dbt_project.yml file which do not apply to any resources.
There are 1 unused configuration paths:
- models.de_test.task1
[0m21:50:18.004909 [debug] [MainThread]: Sending event: {'category': 'dbt', 'action': 'load_project', 'label': 'db02e43c-2693-408a-ae7f-75739932d95b', 'context': [<snowplow_tracker.self_describing_json.SelfDescribingJson object at 0x7fdad3fdcb80>]}
[0m21:50:18.021324 [debug] [MainThread]: Sending event: {'category': 'dbt', 'action': 'resource_counts', 'label': 'db02e43c-2693-408a-ae7f-75739932d95b', 'context': [<snowplow_tracker.self_describing_json.SelfDescribingJson object at 0x7fdad3f83460>]}
[0m21:50:18.022150 [info ] [MainThread]: Found 0 sources, 0 exposures, 0 metrics, 421 macros, 0 groups, 0 semantic models
[0m21:50:18.023034 [debug] [MainThread]: Sending event: {'category': 'dbt', 'action': 'runnable_timing', 'label': 'db02e43c-2693-408a-ae7f-75739932d95b', 'context': [<snowplow_tracker.self_describing_json.SelfDescribingJson object at 0x7fdad3f835e0>]}
[0m21:50:18.024752 [info ] [MainThread]: 
[0m21:50:18.025814 [warn ] [MainThread]: Nothing to do. Try checking your model configs and model specification args
[0m21:50:18.027291 [debug] [MainThread]: Command end result
[0m21:50:18.043450 [debug] [MainThread]: Resource report: {"command_name": "run", "command_success": true, "command_wall_clock_time": 0.7854212, "process_user_time": 4.769007, "process_kernel_time": 0.128027, "process_mem_max_rss": "100184", "process_out_blocks": "1720", "process_in_blocks": "0"}
[0m21:50:18.044994 [debug] [MainThread]: Command `dbt run` succeeded at 21:50:18.044639 after 0.79 seconds
[0m21:50:18.046260 [debug] [MainThread]: Sending event: {'category': 'dbt', 'action': 'invocation', 'label': 'end', 'context': [<snowplow_tracker.self_describing_json.SelfDescribingJson object at 0x7fdad658e0a0>, <snowplow_tracker.self_describing_json.SelfDescribingJson object at 0x7fdad4126790>, <snowplow_tracker.self_describing_json.SelfDescribingJson object at 0x7fdad43c62b0>]}
[0m21:50:18.047447 [debug] [MainThread]: Flushing usage events
[0m21:51:28.197111 [debug] [MainThread]: Sending event: {'category': 'dbt', 'action': 'invocation', 'label': 'start', 'context': [<snowplow_tracker.self_describing_json.SelfDescribingJson object at 0x7f17fead9c40>, <snowplow_tracker.self_describing_json.SelfDescribingJson object at 0x7f17fc955be0>, <snowplow_tracker.self_describing_json.SelfDescribingJson object at 0x7f17fc955b80>]}


============================== 21:51:28.202746 | d1df1e42-8407-4c6d-b689-b5a2c589722b ==============================
[0m21:51:28.202746 [info ] [MainThread]: Running with dbt=1.7.3
[0m21:51:28.204194 [debug] [MainThread]: running dbt with arguments {'printer_width': '80', 'indirect_selection': 'eager', 'log_cache_events': 'False', 'write_json': 'True', 'partial_parse': 'True', 'cache_selected_only': 'False', 'profiles_dir': '/home/nina/.dbt', 'fail_fast': 'False', 'version_check': 'True', 'log_path': '/home/nina/DE_test/logs', 'warn_error': 'None', 'debug': 'False', 'use_colors': 'True', 'use_experimental_parser': 'False', 'no_print': 'None', 'quiet': 'False', 'warn_error_options': 'WarnErrorOptions(include=[], exclude=[])', 'invocation_command': 'dbt run', 'log_format': 'default', 'static_parser': 'True', 'target_path': 'None', 'introspect': 'True', 'send_anonymous_usage_stats': 'True'}
[0m21:51:28.209609 [error] [MainThread]: Encountered an error:
Runtime Error
  Could not find profile named 'clickhouse_dedb'
[0m21:51:28.211532 [debug] [MainThread]: Resource report: {"command_name": "run", "command_wall_clock_time": 0.030426582, "process_user_time": 4.089785, "process_kernel_time": 0.079878, "process_mem_max_rss": "90968", "process_out_blocks": "16", "command_success": false, "process_in_blocks": "0"}
[0m21:51:28.212969 [debug] [MainThread]: Command `dbt run` failed at 21:51:28.212599 after 0.03 seconds
[0m21:51:28.213991 [debug] [MainThread]: Sending event: {'category': 'dbt', 'action': 'invocation', 'label': 'end', 'context': [<snowplow_tracker.self_describing_json.SelfDescribingJson object at 0x7f17fead9c40>, <snowplow_tracker.self_describing_json.SelfDescribingJson object at 0x7f17fc955970>, <snowplow_tracker.self_describing_json.SelfDescribingJson object at 0x7f17fc904430>]}
[0m21:51:28.215055 [debug] [MainThread]: Flushing usage events
[0m21:52:05.652708 [debug] [MainThread]: Sending event: {'category': 'dbt', 'action': 'invocation', 'label': 'start', 'context': [<snowplow_tracker.self_describing_json.SelfDescribingJson object at 0x7f7e99bfac40>, <snowplow_tracker.self_describing_json.SelfDescribingJson object at 0x7f7e97a21f40>, <snowplow_tracker.self_describing_json.SelfDescribingJson object at 0x7f7e97a218b0>]}


============================== 21:52:05.658253 | 2d68e2ff-ffbc-4b1e-a19a-4417a5e01af1 ==============================
[0m21:52:05.658253 [info ] [MainThread]: Running with dbt=1.7.3
[0m21:52:05.659632 [debug] [MainThread]: running dbt with arguments {'printer_width': '80', 'indirect_selection': 'eager', 'write_json': 'True', 'log_cache_events': 'False', 'partial_parse': 'True', 'cache_selected_only': 'False', 'warn_error': 'None', 'fail_fast': 'False', 'version_check': 'True', 'log_path': '/home/nina/DE_test/logs', 'debug': 'False', 'profiles_dir': '/home/nina/DE_test', 'use_colors': 'True', 'use_experimental_parser': 'False', 'no_print': 'None', 'quiet': 'False', 'warn_error_options': 'WarnErrorOptions(include=[], exclude=[])', 'introspect': 'True', 'invocation_command': 'dbt run', 'log_format': 'default', 'target_path': 'None', 'static_parser': 'True', 'send_anonymous_usage_stats': 'True'}
[0m21:52:06.040306 [debug] [MainThread]: Sending event: {'category': 'dbt', 'action': 'project_id', 'label': '2d68e2ff-ffbc-4b1e-a19a-4417a5e01af1', 'context': [<snowplow_tracker.self_describing_json.SelfDescribingJson object at 0x7f7e97a21280>]}
[0m21:52:06.236531 [debug] [MainThread]: Sending event: {'category': 'dbt', 'action': 'adapter_info', 'label': '2d68e2ff-ffbc-4b1e-a19a-4417a5e01af1', 'context': [<snowplow_tracker.self_describing_json.SelfDescribingJson object at 0x7f7e978a8490>]}
[0m21:52:06.238189 [info ] [MainThread]: Registered adapter: clickhouse=1.7.0
[0m21:52:06.256807 [debug] [MainThread]: checksum: c95636796e12235e48c0560a0bb6a50e98827ef72e7ea1fe07a97c38c91661e1, vars: {}, profile: , target: , version: 1.7.3
[0m21:52:06.311169 [debug] [MainThread]: Partial parsing enabled: 0 files deleted, 0 files added, 0 files changed.
[0m21:52:06.312211 [debug] [MainThread]: Partial parsing enabled, no changes found, skipping parsing
[0m21:52:06.313293 [warn ] [MainThread]: [[33mWARNING[0m]: Configuration paths exist in your dbt_project.yml file which do not apply to any resources.
There are 1 unused configuration paths:
- models.de_test.task1
[0m21:52:06.325134 [debug] [MainThread]: Sending event: {'category': 'dbt', 'action': 'load_project', 'label': '2d68e2ff-ffbc-4b1e-a19a-4417a5e01af1', 'context': [<snowplow_tracker.self_describing_json.SelfDescribingJson object at 0x7f7e97648be0>]}
[0m21:52:06.341590 [debug] [MainThread]: Sending event: {'category': 'dbt', 'action': 'resource_counts', 'label': '2d68e2ff-ffbc-4b1e-a19a-4417a5e01af1', 'context': [<snowplow_tracker.self_describing_json.SelfDescribingJson object at 0x7f7e975f14c0>]}
[0m21:52:06.342865 [info ] [MainThread]: Found 0 sources, 0 exposures, 0 metrics, 421 macros, 0 groups, 0 semantic models
[0m21:52:06.343841 [debug] [MainThread]: Sending event: {'category': 'dbt', 'action': 'runnable_timing', 'label': '2d68e2ff-ffbc-4b1e-a19a-4417a5e01af1', 'context': [<snowplow_tracker.self_describing_json.SelfDescribingJson object at 0x7f7e975f1580>]}
[0m21:52:06.346059 [info ] [MainThread]: 
[0m21:52:06.347185 [warn ] [MainThread]: Nothing to do. Try checking your model configs and model specification args
[0m21:52:06.348543 [debug] [MainThread]: Command end result
[0m21:52:06.364144 [debug] [MainThread]: Resource report: {"command_name": "run", "command_success": true, "command_wall_clock_time": 0.82191, "process_user_time": 4.838409, "process_kernel_time": 0.17493, "process_mem_max_rss": "100076", "process_out_blocks": "1720", "process_in_blocks": "0"}
[0m21:52:06.365704 [debug] [MainThread]: Command `dbt run` succeeded at 21:52:06.365224 after 0.82 seconds
[0m21:52:06.366885 [debug] [MainThread]: Sending event: {'category': 'dbt', 'action': 'invocation', 'label': 'end', 'context': [<snowplow_tracker.self_describing_json.SelfDescribingJson object at 0x7f7e99bfac40>, <snowplow_tracker.self_describing_json.SelfDescribingJson object at 0x7f7e978aea00>, <snowplow_tracker.self_describing_json.SelfDescribingJson object at 0x7f7e978a8490>]}
[0m21:52:06.368343 [debug] [MainThread]: Flushing usage events
[0m21:53:11.757925 [debug] [MainThread]: Sending event: {'category': 'dbt', 'action': 'invocation', 'label': 'start', 'context': [<snowplow_tracker.self_describing_json.SelfDescribingJson object at 0x7f7fcf5753d0>, <snowplow_tracker.self_describing_json.SelfDescribingJson object at 0x7f7fcd39eeb0>, <snowplow_tracker.self_describing_json.SelfDescribingJson object at 0x7f7fcd39e820>]}


============================== 21:53:11.763596 | ec9448e6-a3b1-4fae-9098-00ab4663e34f ==============================
[0m21:53:11.763596 [info ] [MainThread]: Running with dbt=1.7.3
[0m21:53:11.765077 [debug] [MainThread]: running dbt with arguments {'printer_width': '80', 'indirect_selection': 'eager', 'write_json': 'True', 'log_cache_events': 'False', 'partial_parse': 'True', 'cache_selected_only': 'False', 'profiles_dir': '/home/nina/DE_test', 'version_check': 'True', 'fail_fast': 'False', 'log_path': '/home/nina/DE_test/logs', 'debug': 'False', 'warn_error': 'None', 'use_colors': 'True', 'use_experimental_parser': 'False', 'no_print': 'None', 'quiet': 'False', 'log_format': 'default', 'static_parser': 'True', 'invocation_command': 'dbt init dedb', 'introspect': 'True', 'target_path': 'None', 'warn_error_options': 'WarnErrorOptions(include=[], exclude=[])', 'send_anonymous_usage_stats': 'True'}
[0m21:53:11.770043 [info ] [MainThread]: Setting up your profile.
[0m21:53:27.692196 [info ] [MainThread]: No sample profile found for clickhouse.
[0m21:53:27.694014 [debug] [MainThread]: Resource report: {"command_name": "init", "command_success": true, "command_wall_clock_time": 16.04187, "process_user_time": 4.217629, "process_kernel_time": 0.131925, "process_mem_max_rss": "92628", "process_out_blocks": "8", "process_in_blocks": "0"}
[0m21:53:27.695563 [debug] [MainThread]: Command `dbt init` succeeded at 21:53:27.695176 after 16.04 seconds
[0m21:53:27.696542 [debug] [MainThread]: Sending event: {'category': 'dbt', 'action': 'invocation', 'label': 'end', 'context': [<snowplow_tracker.self_describing_json.SelfDescribingJson object at 0x7f7fcf5753d0>, <snowplow_tracker.self_describing_json.SelfDescribingJson object at 0x7f7fcd2c2910>, <snowplow_tracker.self_describing_json.SelfDescribingJson object at 0x7f7fd0e084c0>]}
[0m21:53:27.697538 [debug] [MainThread]: Flushing usage events
[0m21:55:37.951705 [debug] [MainThread]: Sending event: {'category': 'dbt', 'action': 'invocation', 'label': 'start', 'context': [<snowplow_tracker.self_describing_json.SelfDescribingJson object at 0x7fe95549b3d0>, <snowplow_tracker.self_describing_json.SelfDescribingJson object at 0x7fe9532c2eb0>, <snowplow_tracker.self_describing_json.SelfDescribingJson object at 0x7fe9532c2820>]}


============================== 21:55:37.966182 | 8083a2f2-3d25-458a-8cca-1d2a79f0eba1 ==============================
[0m21:55:37.966182 [info ] [MainThread]: Running with dbt=1.7.3
[0m21:55:37.967781 [debug] [MainThread]: running dbt with arguments {'printer_width': '80', 'indirect_selection': 'eager', 'write_json': 'True', 'log_cache_events': 'False', 'partial_parse': 'True', 'cache_selected_only': 'False', 'profiles_dir': '/home/nina/DE_test', 'debug': 'False', 'fail_fast': 'False', 'log_path': '/home/nina/DE_test/logs', 'version_check': 'True', 'warn_error': 'None', 'use_colors': 'True', 'use_experimental_parser': 'False', 'no_print': 'None', 'quiet': 'False', 'warn_error_options': 'WarnErrorOptions(include=[], exclude=[])', 'static_parser': 'True', 'introspect': 'True', 'invocation_command': 'dbt init dedb', 'target_path': 'None', 'log_format': 'default', 'send_anonymous_usage_stats': 'True'}
[0m21:55:37.972545 [info ] [MainThread]: Setting up your profile.
[0m21:55:50.911888 [info ] [MainThread]: No sample profile found for clickhouse.
[0m21:55:50.913699 [debug] [MainThread]: Resource report: {"command_name": "init", "command_success": true, "command_wall_clock_time": 13.0700245, "process_user_time": 4.228359, "process_kernel_time": 0.107907, "process_mem_max_rss": "92400", "process_out_blocks": "16", "process_in_blocks": "0"}
[0m21:55:50.915121 [debug] [MainThread]: Command `dbt init` succeeded at 21:55:50.914728 after 13.07 seconds
[0m21:55:50.916187 [debug] [MainThread]: Sending event: {'category': 'dbt', 'action': 'invocation', 'label': 'end', 'context': [<snowplow_tracker.self_describing_json.SelfDescribingJson object at 0x7fe95549b3d0>, <snowplow_tracker.self_describing_json.SelfDescribingJson object at 0x7fe9531e8910>, <snowplow_tracker.self_describing_json.SelfDescribingJson object at 0x7fe956d2e4c0>]}
[0m21:55:50.917252 [debug] [MainThread]: Flushing usage events
